  316171580_ProyectoFinal_GPO12.cpp
D:\Documentos\Tere\Semestre 2022-2\Lab. Computación Gráfica\RepositorioProyectoFinal\316171580_Proyecto_Gpo04\316171580_Proyecto_Gpo04\ProyectoFinal\ProyectoFinal\316171580_ProyectoFinal_GPO12.cpp(230,24): warning C4244: 'inicializando': conversión de 'double' a 'GLfloat'; posible pérdida de datos
D:\Documentos\Tere\Semestre 2022-2\Lab. Computación Gráfica\RepositorioProyectoFinal\316171580_Proyecto_Gpo04\316171580_Proyecto_Gpo04\ProyectoFinal\ProyectoFinal\316171580_ProyectoFinal_GPO12.cpp(429,94): warning C4305: 'argumento': truncamiento de 'double' a 'GLfloat'
D:\Documentos\Tere\Semestre 2022-2\Lab. Computación Gráfica\RepositorioProyectoFinal\316171580_Proyecto_Gpo04\316171580_Proyecto_Gpo04\ProyectoFinal\ProyectoFinal\316171580_ProyectoFinal_GPO12.cpp(437,94): warning C4305: 'argumento': truncamiento de 'double' a 'GLfloat'
D:\Documentos\Tere\Semestre 2022-2\Lab. Computación Gráfica\RepositorioProyectoFinal\316171580_Proyecto_Gpo04\316171580_Proyecto_Gpo04\ProyectoFinal\ProyectoFinal\316171580_ProyectoFinal_GPO12.cpp(445,94): warning C4305: 'argumento': truncamiento de 'double' a 'GLfloat'
D:\Documentos\Tere\Semestre 2022-2\Lab. Computación Gráfica\RepositorioProyectoFinal\316171580_Proyecto_Gpo04\316171580_Proyecto_Gpo04\ProyectoFinal\ProyectoFinal\316171580_ProyectoFinal_GPO12.cpp(456,93): warning C4305: 'argumento': truncamiento de 'double' a 'GLfloat'
D:\Documentos\Tere\Semestre 2022-2\Lab. Computación Gráfica\RepositorioProyectoFinal\316171580_Proyecto_Gpo04\316171580_Proyecto_Gpo04\ProyectoFinal\ProyectoFinal\316171580_ProyectoFinal_GPO12.cpp(590,15): warning C4305: '+=': truncamiento de 'double' a 'float'
D:\Documentos\Tere\Semestre 2022-2\Lab. Computación Gráfica\RepositorioProyectoFinal\316171580_Proyecto_Gpo04\316171580_Proyecto_Gpo04\ProyectoFinal\ProyectoFinal\316171580_ProyectoFinal_GPO12.cpp(600,15): warning C4305: '-=': truncamiento de 'double' a 'float'
D:\Documentos\Tere\Semestre 2022-2\Lab. Computación Gráfica\RepositorioProyectoFinal\316171580_Proyecto_Gpo04\316171580_Proyecto_Gpo04\ProyectoFinal\ProyectoFinal\316171580_ProyectoFinal_GPO12.cpp(609,28): warning C4305: '+=': truncamiento de 'double' a 'float'
D:\Documentos\Tere\Semestre 2022-2\Lab. Computación Gráfica\RepositorioProyectoFinal\316171580_Proyecto_Gpo04\316171580_Proyecto_Gpo04\ProyectoFinal\ProyectoFinal\316171580_ProyectoFinal_GPO12.cpp(619,28): warning C4305: '-=': truncamiento de 'double' a 'float'
D:\Documentos\Tere\Semestre 2022-2\Lab. Computación Gráfica\RepositorioProyectoFinal\316171580_Proyecto_Gpo04\316171580_Proyecto_Gpo04\ProyectoFinal\ProyectoFinal\316171580_ProyectoFinal_GPO12.cpp(628,28): warning C4305: '+=': truncamiento de 'double' a 'float'
D:\Documentos\Tere\Semestre 2022-2\Lab. Computación Gráfica\RepositorioProyectoFinal\316171580_Proyecto_Gpo04\316171580_Proyecto_Gpo04\ProyectoFinal\ProyectoFinal\316171580_ProyectoFinal_GPO12.cpp(638,28): warning C4305: '-=': truncamiento de 'double' a 'float'
D:\Documentos\Tere\Semestre 2022-2\Lab. Computación Gráfica\RepositorioProyectoFinal\316171580_Proyecto_Gpo04\316171580_Proyecto_Gpo04\ProyectoFinal\ProyectoFinal\316171580_ProyectoFinal_GPO12.cpp(647,27): warning C4305: '+=': truncamiento de 'double' a 'float'
D:\Documentos\Tere\Semestre 2022-2\Lab. Computación Gráfica\RepositorioProyectoFinal\316171580_Proyecto_Gpo04\316171580_Proyecto_Gpo04\ProyectoFinal\ProyectoFinal\316171580_ProyectoFinal_GPO12.cpp(657,27): warning C4305: '-=': truncamiento de 'double' a 'float'
D:\Documentos\Tere\Semestre 2022-2\Lab. Computación Gráfica\RepositorioProyectoFinal\316171580_Proyecto_Gpo04\316171580_Proyecto_Gpo04\ProyectoFinal\ProyectoFinal\316171580_ProyectoFinal_GPO12.cpp(666,27): warning C4305: '+=': truncamiento de 'double' a 'float'
D:\Documentos\Tere\Semestre 2022-2\Lab. Computación Gráfica\RepositorioProyectoFinal\316171580_Proyecto_Gpo04\316171580_Proyecto_Gpo04\ProyectoFinal\ProyectoFinal\316171580_ProyectoFinal_GPO12.cpp(676,27): warning C4305: '-=': truncamiento de 'double' a 'float'
D:\Documentos\Tere\Semestre 2022-2\Lab. Computación Gráfica\RepositorioProyectoFinal\316171580_Proyecto_Gpo04\316171580_Proyecto_Gpo04\ProyectoFinal\ProyectoFinal\316171580_ProyectoFinal_GPO12.cpp(825,11): warning C4244: '=': conversión de 'double' a 'GLfloat'; posible pérdida de datos
D:\Documentos\Tere\Semestre 2022-2\Lab. Computación Gráfica\RepositorioProyectoFinal\316171580_Proyecto_Gpo04\316171580_Proyecto_Gpo04\ProyectoFinal\ProyectoFinal\316171580_ProyectoFinal_GPO12.cpp(826,11): warning C4244: '=': conversión de 'double' a 'GLfloat'; posible pérdida de datos
D:\Documentos\Tere\Semestre 2022-2\Lab. Computación Gráfica\RepositorioProyectoFinal\316171580_Proyecto_Gpo04\316171580_Proyecto_Gpo04\ProyectoFinal\ProyectoFinal\316171580_ProyectoFinal_GPO12.cpp(830,18): warning C4244: 'inicializando': conversión de 'double' a 'GLfloat'; posible pérdida de datos
D:\Documentos\Tere\Semestre 2022-2\Lab. Computación Gráfica\RepositorioProyectoFinal\316171580_Proyecto_Gpo04\316171580_Proyecto_Gpo04\ProyectoFinal\ProyectoFinal\316171580_ProyectoFinal_GPO12.cpp(831,18): warning C4244: 'inicializando': conversión de 'double' a 'GLfloat'; posible pérdida de datos
D:\Documentos\Tere\Semestre 2022-2\Lab. Computación Gráfica\RepositorioProyectoFinal\316171580_Proyecto_Gpo04\316171580_Proyecto_Gpo04\ProyectoFinal\ProyectoFinal\316171580_ProyectoFinal_GPO12.cpp(833,10): warning C4244: '=': conversión de 'double' a 'GLfloat'; posible pérdida de datos
D:\Documentos\Tere\Semestre 2022-2\Lab. Computación Gráfica\RepositorioProyectoFinal\316171580_Proyecto_Gpo04\316171580_Proyecto_Gpo04\ProyectoFinal\ProyectoFinal\316171580_ProyectoFinal_GPO12.cpp(834,10): warning C4244: '=': conversión de 'double' a 'GLfloat'; posible pérdida de datos
soil2-debug.lib(SOIL2.obj) : warning LNK4075: se omite '/EDITANDCONTINUE' debido a la especificación '/OPT:ICF'
LINK : warning LNK4098: la biblioteca predeterminada'MSVCRTD' entra en conflicto con otras bibliotecas; use la biblioteca /NODEFAULTLIB:biblioteca
  Generando código
  Previous IPDB not found, fall back to full compilation.
  All 613 functions were compiled because no usable IPDB/IOBJ from previous compilation was found.
  Generación de código finalizada
soil2-debug.lib(etc1_utils.obj) : warning LNK4099: no se encontró PDB 'soil2-debug.pdb' con 'soil2-debug.lib(etc1_utils.obj)' o en 'D:\Documentos\Tere\Semestre 2022-2\Lab. Computación Gráfica\RepositorioProyectoFinal\316171580_Proyecto_Gpo04\316171580_Proyecto_Gpo04\ProyectoFinal\Release\soil2-debug.pdb'; se vinculará el objeto sin tener en cuenta información de depuración
soil2-debug.lib(image_DXT.obj) : warning LNK4099: no se encontró PDB 'soil2-debug.pdb' con 'soil2-debug.lib(image_DXT.obj)' o en 'D:\Documentos\Tere\Semestre 2022-2\Lab. Computación Gráfica\RepositorioProyectoFinal\316171580_Proyecto_Gpo04\316171580_Proyecto_Gpo04\ProyectoFinal\Release\soil2-debug.pdb'; se vinculará el objeto sin tener en cuenta información de depuración
soil2-debug.lib(image_helper.obj) : warning LNK4099: no se encontró PDB 'soil2-debug.pdb' con 'soil2-debug.lib(image_helper.obj)' o en 'D:\Documentos\Tere\Semestre 2022-2\Lab. Computación Gráfica\RepositorioProyectoFinal\316171580_Proyecto_Gpo04\316171580_Proyecto_Gpo04\ProyectoFinal\Release\soil2-debug.pdb'; se vinculará el objeto sin tener en cuenta información de depuración
soil2-debug.lib(SOIL2.obj) : warning LNK4099: no se encontró PDB 'soil2-debug.pdb' con 'soil2-debug.lib(SOIL2.obj)' o en 'D:\Documentos\Tere\Semestre 2022-2\Lab. Computación Gráfica\RepositorioProyectoFinal\316171580_Proyecto_Gpo04\316171580_Proyecto_Gpo04\ProyectoFinal\Release\soil2-debug.pdb'; se vinculará el objeto sin tener en cuenta información de depuración
  ProyectoFinal.vcxproj -> D:\Documentos\Tere\Semestre 2022-2\Lab. Computación Gráfica\RepositorioProyectoFinal\316171580_Proyecto_Gpo04\316171580_Proyecto_Gpo04\ProyectoFinal\Release\ProyectoFinal.exe
