  316171580_ProyectoFinal_GPO12.cpp
D:\Documentos\Tere\Semestre 2022-2\Lab. Computación Gráfica\RepositorioProyectoFinal\316171580_Proyecto_Gpo04\316171580_Proyecto_Gpo04\ProyectoFinal\ProyectoFinal\316171580_ProyectoFinal_GPO12.cpp(63,24): warning C4305: 'inicializando': truncamiento de 'double' a 'float'
D:\Documentos\Tere\Semestre 2022-2\Lab. Computación Gráfica\RepositorioProyectoFinal\316171580_Proyecto_Gpo04\316171580_Proyecto_Gpo04\ProyectoFinal\ProyectoFinal\316171580_ProyectoFinal_GPO12.cpp(245,24): warning C4244: 'inicializando': conversión de 'double' a 'GLfloat'; posible pérdida de datos
D:\Documentos\Tere\Semestre 2022-2\Lab. Computación Gráfica\RepositorioProyectoFinal\316171580_Proyecto_Gpo04\316171580_Proyecto_Gpo04\ProyectoFinal\ProyectoFinal\316171580_ProyectoFinal_GPO12.cpp(498,94): warning C4305: 'argumento': truncamiento de 'double' a 'GLfloat'
D:\Documentos\Tere\Semestre 2022-2\Lab. Computación Gráfica\RepositorioProyectoFinal\316171580_Proyecto_Gpo04\316171580_Proyecto_Gpo04\ProyectoFinal\ProyectoFinal\316171580_ProyectoFinal_GPO12.cpp(506,94): warning C4305: 'argumento': truncamiento de 'double' a 'GLfloat'
D:\Documentos\Tere\Semestre 2022-2\Lab. Computación Gráfica\RepositorioProyectoFinal\316171580_Proyecto_Gpo04\316171580_Proyecto_Gpo04\ProyectoFinal\ProyectoFinal\316171580_ProyectoFinal_GPO12.cpp(514,94): warning C4305: 'argumento': truncamiento de 'double' a 'GLfloat'
D:\Documentos\Tere\Semestre 2022-2\Lab. Computación Gráfica\RepositorioProyectoFinal\316171580_Proyecto_Gpo04\316171580_Proyecto_Gpo04\ProyectoFinal\ProyectoFinal\316171580_ProyectoFinal_GPO12.cpp(525,93): warning C4305: 'argumento': truncamiento de 'double' a 'GLfloat'
D:\Documentos\Tere\Semestre 2022-2\Lab. Computación Gráfica\RepositorioProyectoFinal\316171580_Proyecto_Gpo04\316171580_Proyecto_Gpo04\ProyectoFinal\ProyectoFinal\316171580_ProyectoFinal_GPO12.cpp(718,15): warning C4305: '+=': truncamiento de 'double' a 'float'
D:\Documentos\Tere\Semestre 2022-2\Lab. Computación Gráfica\RepositorioProyectoFinal\316171580_Proyecto_Gpo04\316171580_Proyecto_Gpo04\ProyectoFinal\ProyectoFinal\316171580_ProyectoFinal_GPO12.cpp(728,15): warning C4305: '-=': truncamiento de 'double' a 'float'
D:\Documentos\Tere\Semestre 2022-2\Lab. Computación Gráfica\RepositorioProyectoFinal\316171580_Proyecto_Gpo04\316171580_Proyecto_Gpo04\ProyectoFinal\ProyectoFinal\316171580_ProyectoFinal_GPO12.cpp(737,28): warning C4305: '+=': truncamiento de 'double' a 'float'
D:\Documentos\Tere\Semestre 2022-2\Lab. Computación Gráfica\RepositorioProyectoFinal\316171580_Proyecto_Gpo04\316171580_Proyecto_Gpo04\ProyectoFinal\ProyectoFinal\316171580_ProyectoFinal_GPO12.cpp(747,28): warning C4305: '-=': truncamiento de 'double' a 'float'
D:\Documentos\Tere\Semestre 2022-2\Lab. Computación Gráfica\RepositorioProyectoFinal\316171580_Proyecto_Gpo04\316171580_Proyecto_Gpo04\ProyectoFinal\ProyectoFinal\316171580_ProyectoFinal_GPO12.cpp(756,28): warning C4305: '+=': truncamiento de 'double' a 'float'
D:\Documentos\Tere\Semestre 2022-2\Lab. Computación Gráfica\RepositorioProyectoFinal\316171580_Proyecto_Gpo04\316171580_Proyecto_Gpo04\ProyectoFinal\ProyectoFinal\316171580_ProyectoFinal_GPO12.cpp(766,28): warning C4305: '-=': truncamiento de 'double' a 'float'
D:\Documentos\Tere\Semestre 2022-2\Lab. Computación Gráfica\RepositorioProyectoFinal\316171580_Proyecto_Gpo04\316171580_Proyecto_Gpo04\ProyectoFinal\ProyectoFinal\316171580_ProyectoFinal_GPO12.cpp(775,27): warning C4305: '+=': truncamiento de 'double' a 'float'
D:\Documentos\Tere\Semestre 2022-2\Lab. Computación Gráfica\RepositorioProyectoFinal\316171580_Proyecto_Gpo04\316171580_Proyecto_Gpo04\ProyectoFinal\ProyectoFinal\316171580_ProyectoFinal_GPO12.cpp(785,27): warning C4305: '-=': truncamiento de 'double' a 'float'
D:\Documentos\Tere\Semestre 2022-2\Lab. Computación Gráfica\RepositorioProyectoFinal\316171580_Proyecto_Gpo04\316171580_Proyecto_Gpo04\ProyectoFinal\ProyectoFinal\316171580_ProyectoFinal_GPO12.cpp(794,27): warning C4305: '+=': truncamiento de 'double' a 'float'
D:\Documentos\Tere\Semestre 2022-2\Lab. Computación Gráfica\RepositorioProyectoFinal\316171580_Proyecto_Gpo04\316171580_Proyecto_Gpo04\ProyectoFinal\ProyectoFinal\316171580_ProyectoFinal_GPO12.cpp(804,27): warning C4305: '-=': truncamiento de 'double' a 'float'
D:\Documentos\Tere\Semestre 2022-2\Lab. Computación Gráfica\RepositorioProyectoFinal\316171580_Proyecto_Gpo04\316171580_Proyecto_Gpo04\ProyectoFinal\ProyectoFinal\316171580_ProyectoFinal_GPO12.cpp(993,11): warning C4244: '=': conversión de 'double' a 'GLfloat'; posible pérdida de datos
D:\Documentos\Tere\Semestre 2022-2\Lab. Computación Gráfica\RepositorioProyectoFinal\316171580_Proyecto_Gpo04\316171580_Proyecto_Gpo04\ProyectoFinal\ProyectoFinal\316171580_ProyectoFinal_GPO12.cpp(994,11): warning C4244: '=': conversión de 'double' a 'GLfloat'; posible pérdida de datos
D:\Documentos\Tere\Semestre 2022-2\Lab. Computación Gráfica\RepositorioProyectoFinal\316171580_Proyecto_Gpo04\316171580_Proyecto_Gpo04\ProyectoFinal\ProyectoFinal\316171580_ProyectoFinal_GPO12.cpp(998,18): warning C4244: 'inicializando': conversión de 'double' a 'GLfloat'; posible pérdida de datos
D:\Documentos\Tere\Semestre 2022-2\Lab. Computación Gráfica\RepositorioProyectoFinal\316171580_Proyecto_Gpo04\316171580_Proyecto_Gpo04\ProyectoFinal\ProyectoFinal\316171580_ProyectoFinal_GPO12.cpp(999,18): warning C4244: 'inicializando': conversión de 'double' a 'GLfloat'; posible pérdida de datos
D:\Documentos\Tere\Semestre 2022-2\Lab. Computación Gráfica\RepositorioProyectoFinal\316171580_Proyecto_Gpo04\316171580_Proyecto_Gpo04\ProyectoFinal\ProyectoFinal\316171580_ProyectoFinal_GPO12.cpp(1001,10): warning C4244: '=': conversión de 'double' a 'GLfloat'; posible pérdida de datos
D:\Documentos\Tere\Semestre 2022-2\Lab. Computación Gráfica\RepositorioProyectoFinal\316171580_Proyecto_Gpo04\316171580_Proyecto_Gpo04\ProyectoFinal\ProyectoFinal\316171580_ProyectoFinal_GPO12.cpp(1002,10): warning C4244: '=': conversión de 'double' a 'GLfloat'; posible pérdida de datos
  ProyectoFinal.vcxproj -> D:\Documentos\Tere\Semestre 2022-2\Lab. Computación Gráfica\RepositorioProyectoFinal\316171580_Proyecto_Gpo04\316171580_Proyecto_Gpo04\ProyectoFinal\Debug\ProyectoFinal.exe
